{"/home/arthur/Documentos/UFMT/3º_Período/ProgIV/Trabalho_2_Prog_IV/xmen-api/src/app.controller.ts": {"path":"/home/arthur/Documentos/UFMT/3º_Período/ProgIV/Trabalho_2_Prog_IV/xmen-api/src/app.controller.ts","statementMap":{"0":{"start":{"line":1,"column":0},"end":{"line":1,"column":49}},"1":{"start":{"line":2,"column":0},"end":{"line":2,"column":43}},"2":{"start":{"line":5,"column":7},"end":{"line":12,"column":null}},"3":{"start":{"line":6,"column":31},"end":{"line":6,"column":43}},"4":{"start":{"line":10,"column":4},"end":{"line":10,"column":38}},"5":{"start":{"line":5,"column":13},"end":{"line":5,"column":26}},"6":{"start":{"line":9,"column":2},"end":{"line":11,"column":null}},"7":{"start":{"line":5,"column":13},"end":{"line":12,"column":null}}},"fnMap":{"0":{"name":"(anonymous_2)","decl":{"start":{"line":6,"column":2},"end":{"line":6,"column":31}},"loc":{"start":{"line":6,"column":53},"end":{"line":6,"column":57}}},"1":{"name":"(anonymous_3)","decl":{"start":{"line":9,"column":2},"end":{"line":9,"column":10}},"loc":{"start":{"line":9,"column":10},"end":{"line":11,"column":3}}}},"branchMap":{"0":{"loc":{"start":{"line":6,"column":43},"end":{"line":6,"column":56}},"type":"cond-expr","locations":[{"start":{"line":6,"column":53},"end":{"line":6,"column":56}},{"start":{"line":6,"column":53},"end":{"line":6,"column":56}}]},"1":{"loc":{"start":{"line":6,"column":43},"end":{"line":6,"column":53}},"type":"binary-expr","locations":[{"start":{"line":6,"column":43},"end":{"line":6,"column":56}},{"start":{"line":6,"column":43},"end":{"line":6,"column":53}}]}},"s":{"0":1,"1":1,"2":1,"3":1,"4":1,"5":1,"6":1,"7":1},"f":{"0":1,"1":1},"b":{"0":[1,0],"1":[1,1]}}
,"/home/arthur/Documentos/UFMT/3º_Período/ProgIV/Trabalho_2_Prog_IV/xmen-api/src/app.module.ts": {"path":"/home/arthur/Documentos/UFMT/3º_Período/ProgIV/Trabalho_2_Prog_IV/xmen-api/src/app.module.ts","statementMap":{"0":{"start":{"line":1,"column":0},"end":{"line":1,"column":40}},"1":{"start":{"line":2,"column":0},"end":{"line":2,"column":48}},"2":{"start":{"line":3,"column":0},"end":{"line":3,"column":49}},"3":{"start":{"line":4,"column":0},"end":{"line":4,"column":43}},"4":{"start":{"line":5,"column":0},"end":{"line":5,"column":69}},"5":{"start":{"line":6,"column":0},"end":{"line":6,"column":48}},"6":{"start":{"line":27,"column":7},"end":{"line":27,"column":null}},"7":{"start":{"line":27,"column":13},"end":{"line":27,"column":22}},"8":{"start":{"line":27,"column":13},"end":{"line":27,"column":null}}},"fnMap":{},"branchMap":{},"s":{"0":0,"1":0,"2":0,"3":0,"4":0,"5":0,"6":0,"7":0,"8":0},"f":{},"b":{}}
,"/home/arthur/Documentos/UFMT/3º_Período/ProgIV/Trabalho_2_Prog_IV/xmen-api/src/app.service.ts": {"path":"/home/arthur/Documentos/UFMT/3º_Período/ProgIV/Trabalho_2_Prog_IV/xmen-api/src/app.service.ts","statementMap":{"0":{"start":{"line":1,"column":0},"end":{"line":1,"column":44}},"1":{"start":{"line":4,"column":7},"end":{"line":8,"column":null}},"2":{"start":{"line":6,"column":4},"end":{"line":6,"column":26}},"3":{"start":{"line":4,"column":13},"end":{"line":4,"column":23}},"4":{"start":{"line":4,"column":13},"end":{"line":8,"column":null}}},"fnMap":{"0":{"name":"(anonymous_1)","decl":{"start":{"line":5,"column":2},"end":{"line":5,"column":10}},"loc":{"start":{"line":5,"column":10},"end":{"line":7,"column":3}}}},"branchMap":{},"s":{"0":1,"1":1,"2":1,"3":1,"4":1},"f":{"0":1},"b":{}}
,"/home/arthur/Documentos/UFMT/3º_Período/ProgIV/Trabalho_2_Prog_IV/xmen-api/src/main.ts": {"path":"/home/arthur/Documentos/UFMT/3º_Período/ProgIV/Trabalho_2_Prog_IV/xmen-api/src/main.ts","statementMap":{"0":{"start":{"line":1,"column":0},"end":{"line":1,"column":43}},"1":{"start":{"line":2,"column":0},"end":{"line":2,"column":41}},"2":{"start":{"line":3,"column":0},"end":{"line":3,"column":65}},"3":{"start":{"line":6,"column":14},"end":{"line":6,"column":49}},"4":{"start":{"line":9,"column":2},"end":{"line":9,"column":19}},"5":{"start":{"line":12,"column":17},"end":{"line":17,"column":12}},"6":{"start":{"line":19,"column":19},"end":{"line":19,"column":60}},"7":{"start":{"line":22,"column":2},"end":{"line":22,"column":44}},"8":{"start":{"line":24,"column":2},"end":{"line":24,"column":25}},"9":{"start":{"line":26,"column":0},"end":{"line":26,"column":12}}},"fnMap":{"0":{"name":"bootstrap","decl":{"start":{"line":5,"column":15},"end":{"line":5,"column":24}},"loc":{"start":{"line":5,"column":24},"end":{"line":25,"column":1}}}},"branchMap":{},"s":{"0":0,"1":0,"2":0,"3":0,"4":0,"5":0,"6":0,"7":0,"8":0,"9":0},"f":{"0":0},"b":{}}
,"/home/arthur/Documentos/UFMT/3º_Período/ProgIV/Trabalho_2_Prog_IV/xmen-api/src/auth/auth.controller.ts": {"path":"/home/arthur/Documentos/UFMT/3º_Período/ProgIV/Trabalho_2_Prog_IV/xmen-api/src/auth/auth.controller.ts","statementMap":{"0":{"start":{"line":1,"column":0},"end":{"line":1,"column":78}},"1":{"start":{"line":2,"column":0},"end":{"line":2,"column":45}},"2":{"start":{"line":5,"column":7},"end":{"line":13,"column":null}},"3":{"start":{"line":6,"column":22},"end":{"line":6,"column":35}},"4":{"start":{"line":11,"column":4},"end":{"line":11,"column":75}},"5":{"start":{"line":5,"column":13},"end":{"line":5,"column":27}},"6":{"start":{"line":10,"column":2},"end":{"line":12,"column":null}},"7":{"start":{"line":5,"column":13},"end":{"line":13,"column":null}}},"fnMap":{"0":{"name":"(anonymous_4)","decl":{"start":{"line":6,"column":2},"end":{"line":6,"column":22}},"loc":{"start":{"line":6,"column":46},"end":{"line":6,"column":50}}},"1":{"name":"(anonymous_5)","decl":{"start":{"line":10,"column":2},"end":{"line":10,"column":8}},"loc":{"start":{"line":10,"column":47},"end":{"line":12,"column":3}}}},"branchMap":{"0":{"loc":{"start":{"line":10,"column":28},"end":{"line":10,"column":47}},"type":"cond-expr","locations":[{"start":{"line":10,"column":34},"end":{"line":10,"column":47}},{"start":{"line":10,"column":34},"end":{"line":10,"column":47}}]},"1":{"loc":{"start":{"line":10,"column":28},"end":{"line":10,"column":34}},"type":"binary-expr","locations":[{"start":{"line":10,"column":28},"end":{"line":10,"column":47}},{"start":{"line":10,"column":28},"end":{"line":10,"column":34}}]},"2":{"loc":{"start":{"line":6,"column":35},"end":{"line":6,"column":49}},"type":"cond-expr","locations":[{"start":{"line":6,"column":46},"end":{"line":6,"column":49}},{"start":{"line":6,"column":46},"end":{"line":6,"column":49}}]},"3":{"loc":{"start":{"line":6,"column":35},"end":{"line":6,"column":46}},"type":"binary-expr","locations":[{"start":{"line":6,"column":35},"end":{"line":6,"column":49}},{"start":{"line":6,"column":35},"end":{"line":6,"column":46}}]}},"s":{"0":2,"1":2,"2":2,"3":1,"4":0,"5":2,"6":2,"7":2},"f":{"0":1,"1":0},"b":{"0":[0,2],"1":[2,0],"2":[2,0],"3":[2,2]}}
,"/home/arthur/Documentos/UFMT/3º_Período/ProgIV/Trabalho_2_Prog_IV/xmen-api/src/auth/auth.guard.ts": {"path":"/home/arthur/Documentos/UFMT/3º_Período/ProgIV/Trabalho_2_Prog_IV/xmen-api/src/auth/auth.guard.ts","statementMap":{"0":{"start":{"line":1,"column":0},"end":{"line":1,"column":98}},"1":{"start":{"line":2,"column":0},"end":{"line":2,"column":41}},"2":{"start":{"line":4,"column":0},"end":{"line":4,"column":45}},"3":{"start":{"line":7,"column":7},"end":{"line":34,"column":null}},"4":{"start":{"line":8,"column":22},"end":{"line":8,"column":34}},"5":{"start":{"line":11,"column":20},"end":{"line":11,"column":55}},"6":{"start":{"line":12,"column":18},"end":{"line":12,"column":54}},"7":{"start":{"line":14,"column":4},"end":{"line":16,"column":5}},"8":{"start":{"line":15,"column":6},"end":{"line":15,"column":78}},"9":{"start":{"line":18,"column":4},"end":{"line":26,"column":5}},"10":{"start":{"line":20,"column":22},"end":{"line":22,"column":8}},"11":{"start":{"line":23,"column":6},"end":{"line":23,"column":32}},"12":{"start":{"line":25,"column":6},"end":{"line":25,"column":69}},"13":{"start":{"line":27,"column":4},"end":{"line":27,"column":16}},"14":{"start":{"line":31,"column":26},"end":{"line":31,"column":73}},"15":{"start":{"line":32,"column":4},"end":{"line":32,"column":49}},"16":{"start":{"line":7,"column":13},"end":{"line":7,"column":22}},"17":{"start":{"line":7,"column":13},"end":{"line":34,"column":null}}},"fnMap":{"0":{"name":"(anonymous_2)","decl":{"start":{"line":8,"column":2},"end":{"line":8,"column":22}},"loc":{"start":{"line":8,"column":44},"end":{"line":8,"column":48}}},"1":{"name":"(anonymous_3)","decl":{"start":{"line":10,"column":2},"end":{"line":10,"column":7}},"loc":{"start":{"line":10,"column":45},"end":{"line":28,"column":3}}},"2":{"name":"(anonymous_4)","decl":{"start":{"line":30,"column":10},"end":{"line":30,"column":32}},"loc":{"start":{"line":30,"column":49},"end":{"line":33,"column":3}}}},"branchMap":{"0":{"loc":{"start":{"line":14,"column":4},"end":{"line":16,"column":5}},"type":"if","locations":[{"start":{"line":14,"column":4},"end":{"line":16,"column":5}},{"start":{},"end":{}}]},"1":{"loc":{"start":{"line":31,"column":26},"end":{"line":31,"column":73}},"type":"binary-expr","locations":[{"start":{"line":31,"column":26},"end":{"line":31,"column":67}},{"start":{"line":31,"column":71},"end":{"line":31,"column":73}}]},"2":{"loc":{"start":{"line":32,"column":11},"end":{"line":32,"column":48}},"type":"cond-expr","locations":[{"start":{"line":32,"column":31},"end":{"line":32,"column":36}},{"start":{"line":32,"column":39},"end":{"line":32,"column":48}}]},"3":{"loc":{"start":{"line":8,"column":34},"end":{"line":8,"column":47}},"type":"cond-expr","locations":[{"start":{"line":8,"column":44},"end":{"line":8,"column":47}},{"start":{"line":8,"column":44},"end":{"line":8,"column":47}}]},"4":{"loc":{"start":{"line":8,"column":34},"end":{"line":8,"column":44}},"type":"binary-expr","locations":[{"start":{"line":8,"column":34},"end":{"line":8,"column":47}},{"start":{"line":8,"column":34},"end":{"line":8,"column":44}}]}},"s":{"0":1,"1":1,"2":1,"3":1,"4":1,"5":0,"6":0,"7":0,"8":0,"9":0,"10":0,"11":0,"12":0,"13":0,"14":0,"15":0,"16":1,"17":1},"f":{"0":1,"1":0,"2":0},"b":{"0":[0,0],"1":[0,0],"2":[0,0],"3":[1,0],"4":[1,1]}}
,"/home/arthur/Documentos/UFMT/3º_Período/ProgIV/Trabalho_2_Prog_IV/xmen-api/src/auth/auth.module.ts": {"path":"/home/arthur/Documentos/UFMT/3º_Período/ProgIV/Trabalho_2_Prog_IV/xmen-api/src/auth/auth.module.ts","statementMap":{"0":{"start":{"line":1,"column":0},"end":{"line":1,"column":40}},"1":{"start":{"line":2,"column":0},"end":{"line":2,"column":40}},"2":{"start":{"line":3,"column":0},"end":{"line":3,"column":45}},"3":{"start":{"line":4,"column":0},"end":{"line":4,"column":51}},"4":{"start":{"line":7,"column":13},"end":{"line":9,"column":2}},"5":{"start":{"line":22,"column":7},"end":{"line":22,"column":null}},"6":{"start":{"line":22,"column":13},"end":{"line":22,"column":23}},"7":{"start":{"line":22,"column":13},"end":{"line":22,"column":null}}},"fnMap":{},"branchMap":{},"s":{"0":1,"1":1,"2":1,"3":1,"4":1,"5":1,"6":1,"7":1},"f":{},"b":{}}
,"/home/arthur/Documentos/UFMT/3º_Período/ProgIV/Trabalho_2_Prog_IV/xmen-api/src/auth/auth.service.ts": {"path":"/home/arthur/Documentos/UFMT/3º_Período/ProgIV/Trabalho_2_Prog_IV/xmen-api/src/auth/auth.service.ts","statementMap":{"0":{"start":{"line":1,"column":0},"end":{"line":1,"column":67}},"1":{"start":{"line":2,"column":0},"end":{"line":2,"column":41}},"2":{"start":{"line":5,"column":7},"end":{"line":20,"column":null}},"3":{"start":{"line":6,"column":22},"end":{"line":6,"column":34}},"4":{"start":{"line":10,"column":4},"end":{"line":12,"column":5}},"5":{"start":{"line":11,"column":6},"end":{"line":11,"column":70}},"6":{"start":{"line":15,"column":20},"end":{"line":15,"column":50}},"7":{"start":{"line":16,"column":4},"end":{"line":18,"column":6}},"8":{"start":{"line":5,"column":13},"end":{"line":5,"column":24}},"9":{"start":{"line":5,"column":13},"end":{"line":20,"column":null}}},"fnMap":{"0":{"name":"(anonymous_2)","decl":{"start":{"line":6,"column":2},"end":{"line":6,"column":22}},"loc":{"start":{"line":6,"column":44},"end":{"line":6,"column":48}}},"1":{"name":"(anonymous_3)","decl":{"start":{"line":8,"column":2},"end":{"line":8,"column":7}},"loc":{"start":{"line":8,"column":45},"end":{"line":19,"column":3}}}},"branchMap":{"0":{"loc":{"start":{"line":10,"column":4},"end":{"line":12,"column":5}},"type":"if","locations":[{"start":{"line":10,"column":4},"end":{"line":12,"column":5}},{"start":{},"end":{}}]},"1":{"loc":{"start":{"line":10,"column":8},"end":{"line":10,"column":52}},"type":"binary-expr","locations":[{"start":{"line":10,"column":8},"end":{"line":10,"column":29}},{"start":{"line":10,"column":33},"end":{"line":10,"column":52}}]},"2":{"loc":{"start":{"line":6,"column":34},"end":{"line":6,"column":47}},"type":"cond-expr","locations":[{"start":{"line":6,"column":44},"end":{"line":6,"column":47}},{"start":{"line":6,"column":44},"end":{"line":6,"column":47}}]},"3":{"loc":{"start":{"line":6,"column":34},"end":{"line":6,"column":44}},"type":"binary-expr","locations":[{"start":{"line":6,"column":34},"end":{"line":6,"column":47}},{"start":{"line":6,"column":34},"end":{"line":6,"column":44}}]}},"s":{"0":3,"1":3,"2":3,"3":1,"4":0,"5":0,"6":0,"7":0,"8":3,"9":3},"f":{"0":1,"1":0},"b":{"0":[0,0],"1":[0,0],"2":[3,0],"3":[3,3]}}
,"/home/arthur/Documentos/UFMT/3º_Período/ProgIV/Trabalho_2_Prog_IV/xmen-api/src/personagens/personagens.controller.ts": {"path":"/home/arthur/Documentos/UFMT/3º_Período/ProgIV/Trabalho_2_Prog_IV/xmen-api/src/personagens/personagens.controller.ts","statementMap":{"0":{"start":{"line":1,"column":0},"end":{"line":1,"column":94}},"1":{"start":{"line":2,"column":0},"end":{"line":2,"column":59}},"2":{"start":{"line":3,"column":0},"end":{"line":3,"column":66}},"3":{"start":{"line":4,"column":0},"end":{"line":4,"column":66}},"4":{"start":{"line":5,"column":0},"end":{"line":5,"column":47}},"5":{"start":{"line":8,"column":7},"end":{"line":39,"column":null}},"6":{"start":{"line":9,"column":31},"end":{"line":9,"column":51}},"7":{"start":{"line":14,"column":4},"end":{"line":14,"column":63}},"8":{"start":{"line":20,"column":4},"end":{"line":20,"column":45}},"9":{"start":{"line":25,"column":4},"end":{"line":25,"column":48}},"10":{"start":{"line":31,"column":4},"end":{"line":31,"column":68}},"11":{"start":{"line":37,"column":4},"end":{"line":37,"column":47}},"12":{"start":{"line":8,"column":13},"end":{"line":8,"column":34}},"13":{"start":{"line":13,"column":2},"end":{"line":15,"column":null}},"14":{"start":{"line":19,"column":2},"end":{"line":21,"column":null}},"15":{"start":{"line":24,"column":2},"end":{"line":26,"column":null}},"16":{"start":{"line":30,"column":2},"end":{"line":32,"column":null}},"17":{"start":{"line":36,"column":2},"end":{"line":38,"column":null}},"18":{"start":{"line":8,"column":13},"end":{"line":39,"column":null}}},"fnMap":{"0":{"name":"(anonymous_4)","decl":{"start":{"line":9,"column":2},"end":{"line":9,"column":31}},"loc":{"start":{"line":9,"column":69},"end":{"line":9,"column":73}}},"1":{"name":"(anonymous_5)","decl":{"start":{"line":13,"column":2},"end":{"line":13,"column":8}},"loc":{"start":{"line":13,"column":57},"end":{"line":15,"column":3}}},"2":{"name":"(anonymous_6)","decl":{"start":{"line":19,"column":2},"end":{"line":19,"column":9}},"loc":{"start":{"line":19,"column":9},"end":{"line":21,"column":3}}},"3":{"name":"(anonymous_7)","decl":{"start":{"line":24,"column":2},"end":{"line":24,"column":9}},"loc":{"start":{"line":24,"column":33},"end":{"line":26,"column":3}}},"4":{"name":"(anonymous_8)","decl":{"start":{"line":30,"column":2},"end":{"line":30,"column":8}},"loc":{"start":{"line":30,"column":82},"end":{"line":32,"column":3}}},"5":{"name":"(anonymous_9)","decl":{"start":{"line":36,"column":2},"end":{"line":36,"column":8}},"loc":{"start":{"line":36,"column":32},"end":{"line":38,"column":3}}}},"branchMap":{"0":{"loc":{"start":{"line":13,"column":38},"end":{"line":13,"column":null}},"type":"cond-expr","locations":[{"start":{"line":13,"column":57},"end":{"line":13,"column":null}},{"start":{"line":13,"column":57},"end":{"line":13,"column":null}}]},"1":{"loc":{"start":{"line":13,"column":38},"end":{"line":13,"column":57}},"type":"binary-expr","locations":[{"start":{"line":13,"column":38},"end":{"line":13,"column":null}},{"start":{"line":13,"column":38},"end":{"line":13,"column":57}}]},"2":{"loc":{"start":{"line":30,"column":63},"end":{"line":30,"column":null}},"type":"cond-expr","locations":[{"start":{"line":30,"column":82},"end":{"line":30,"column":null}},{"start":{"line":30,"column":82},"end":{"line":30,"column":null}}]},"3":{"loc":{"start":{"line":30,"column":63},"end":{"line":30,"column":82}},"type":"binary-expr","locations":[{"start":{"line":30,"column":63},"end":{"line":30,"column":null}},{"start":{"line":30,"column":63},"end":{"line":30,"column":82}}]},"4":{"loc":{"start":{"line":9,"column":51},"end":{"line":9,"column":72}},"type":"cond-expr","locations":[{"start":{"line":9,"column":69},"end":{"line":9,"column":72}},{"start":{"line":9,"column":69},"end":{"line":9,"column":72}}]},"5":{"loc":{"start":{"line":9,"column":51},"end":{"line":9,"column":69}},"type":"binary-expr","locations":[{"start":{"line":9,"column":51},"end":{"line":9,"column":72}},{"start":{"line":9,"column":51},"end":{"line":9,"column":69}}]}},"s":{"0":1,"1":1,"2":1,"3":1,"4":1,"5":1,"6":1,"7":0,"8":0,"9":0,"10":0,"11":0,"12":1,"13":1,"14":1,"15":1,"16":1,"17":1,"18":1},"f":{"0":1,"1":0,"2":0,"3":0,"4":0,"5":0},"b":{"0":[1,0],"1":[1,1],"2":[1,0],"3":[1,1],"4":[1,0],"5":[1,1]}}
,"/home/arthur/Documentos/UFMT/3º_Período/ProgIV/Trabalho_2_Prog_IV/xmen-api/src/personagens/personagens.module.ts": {"path":"/home/arthur/Documentos/UFMT/3º_Período/ProgIV/Trabalho_2_Prog_IV/xmen-api/src/personagens/personagens.module.ts","statementMap":{"0":{"start":{"line":1,"column":0},"end":{"line":1,"column":40}},"1":{"start":{"line":2,"column":0},"end":{"line":2,"column":48}},"2":{"start":{"line":3,"column":0},"end":{"line":3,"column":59}},"3":{"start":{"line":4,"column":0},"end":{"line":4,"column":65}},"4":{"start":{"line":5,"column":0},"end":{"line":5,"column":58}},"5":{"start":{"line":12,"column":7},"end":{"line":12,"column":null}},"6":{"start":{"line":12,"column":13},"end":{"line":12,"column":30}},"7":{"start":{"line":12,"column":13},"end":{"line":12,"column":null}}},"fnMap":{},"branchMap":{},"s":{"0":0,"1":0,"2":0,"3":0,"4":0,"5":0,"6":0,"7":0},"f":{},"b":{}}
,"/home/arthur/Documentos/UFMT/3º_Período/ProgIV/Trabalho_2_Prog_IV/xmen-api/src/personagens/personagens.service.ts": {"path":"/home/arthur/Documentos/UFMT/3º_Período/ProgIV/Trabalho_2_Prog_IV/xmen-api/src/personagens/personagens.service.ts","statementMap":{"0":{"start":{"line":1,"column":0},"end":{"line":1,"column":44}},"1":{"start":{"line":2,"column":0},"end":{"line":2,"column":51}},"2":{"start":{"line":3,"column":0},"end":{"line":3,"column":37}},"3":{"start":{"line":6,"column":0},"end":{"line":6,"column":58}},"4":{"start":{"line":9,"column":7},"end":{"line":47,"column":null}},"5":{"start":{"line":12,"column":12},"end":{"line":12,"column":34}},"6":{"start":{"line":17,"column":27},"end":{"line":17,"column":80}},"7":{"start":{"line":18,"column":4},"end":{"line":18,"column":58}},"8":{"start":{"line":24,"column":4},"end":{"line":28,"column":7}},"9":{"start":{"line":33,"column":4},"end":{"line":33,"column":59}},"10":{"start":{"line":38,"column":4},"end":{"line":38,"column":68}},"11":{"start":{"line":39,"column":4},"end":{"line":39,"column":28}},"12":{"start":{"line":44,"column":4},"end":{"line":44,"column":47}},"13":{"start":{"line":45,"column":4},"end":{"line":45,"column":73}},"14":{"start":{"line":9,"column":13},"end":{"line":9,"column":31}},"15":{"start":{"line":9,"column":13},"end":{"line":47,"column":null}}},"fnMap":{"0":{"name":"(anonymous_4)","decl":{"start":{"line":10,"column":2},"end":{"line":10,"column":null}},"loc":{"start":{"line":12,"column":56},"end":{"line":13,"column":6}}},"1":{"name":"(anonymous_5)","decl":{"start":{"line":16,"column":2},"end":{"line":16,"column":8}},"loc":{"start":{"line":16,"column":49},"end":{"line":19,"column":3}}},"2":{"name":"(anonymous_6)","decl":{"start":{"line":22,"column":2},"end":{"line":22,"column":9}},"loc":{"start":{"line":22,"column":9},"end":{"line":29,"column":3}}},"3":{"name":"(anonymous_7)","decl":{"start":{"line":32,"column":2},"end":{"line":32,"column":9}},"loc":{"start":{"line":32,"column":20},"end":{"line":34,"column":3}}},"4":{"name":"(anonymous_8)","decl":{"start":{"line":37,"column":2},"end":{"line":37,"column":7}},"loc":{"start":{"line":37,"column":67},"end":{"line":40,"column":3}}},"5":{"name":"(anonymous_9)","decl":{"start":{"line":43,"column":2},"end":{"line":43,"column":7}},"loc":{"start":{"line":43,"column":25},"end":{"line":46,"column":3}}}},"branchMap":{"0":{"loc":{"start":{"line":12,"column":34},"end":{"line":12,"column":56}},"type":"cond-expr","locations":[{"start":{"line":12,"column":44},"end":{"line":12,"column":56}},{"start":{"line":12,"column":44},"end":{"line":12,"column":56}}]},"1":{"loc":{"start":{"line":12,"column":34},"end":{"line":12,"column":44}},"type":"binary-expr","locations":[{"start":{"line":12,"column":34},"end":{"line":12,"column":56}},{"start":{"line":12,"column":34},"end":{"line":12,"column":44}}]}},"s":{"0":2,"1":2,"2":2,"3":2,"4":2,"5":2,"6":0,"7":0,"8":1,"9":0,"10":0,"11":0,"12":0,"13":0,"14":2,"15":2},"f":{"0":2,"1":0,"2":1,"3":0,"4":0,"5":0},"b":{"0":[2,0],"1":[2,2]}}
,"/home/arthur/Documentos/UFMT/3º_Período/ProgIV/Trabalho_2_Prog_IV/xmen-api/src/personagens/dto/create-personagem.dto.ts": {"path":"/home/arthur/Documentos/UFMT/3º_Período/ProgIV/Trabalho_2_Prog_IV/xmen-api/src/personagens/dto/create-personagem.dto.ts","statementMap":{"0":{"start":{"line":1,"column":0},"end":{"line":1,"column":13}}},"fnMap":{},"branchMap":{},"s":{"0":1},"f":{},"b":{}}
,"/home/arthur/Documentos/UFMT/3º_Período/ProgIV/Trabalho_2_Prog_IV/xmen-api/src/personagens/dto/update-personagem.dto.ts": {"path":"/home/arthur/Documentos/UFMT/3º_Período/ProgIV/Trabalho_2_Prog_IV/xmen-api/src/personagens/dto/update-personagem.dto.ts","statementMap":{"0":{"start":{"line":1,"column":0},"end":{"line":1,"column":51}},"1":{"start":{"line":2,"column":0},"end":{"line":2,"column":62}},"2":{"start":{"line":4,"column":0},"end":{"line":4,"column":13}}},"fnMap":{},"branchMap":{},"s":{"0":1,"1":1,"2":1},"f":{},"b":{}}
,"/home/arthur/Documentos/UFMT/3º_Período/ProgIV/Trabalho_2_Prog_IV/xmen-api/src/personagens/entities/personagem.entity.ts": {"path":"/home/arthur/Documentos/UFMT/3º_Período/ProgIV/Trabalho_2_Prog_IV/xmen-api/src/personagens/entities/personagem.entity.ts","statementMap":{"0":{"start":{"line":1,"column":0},"end":{"line":1,"column":65}},"1":{"start":{"line":4,"column":7},"end":{"line":27,"column":null}},"2":{"start":{"line":4,"column":13},"end":{"line":4,"column":23}},"3":{"start":{"line":6,"column":2},"end":{"line":6,"column":null}},"4":{"start":{"line":10,"column":2},"end":{"line":10,"column":null}},"5":{"start":{"line":14,"column":2},"end":{"line":14,"column":null}},"6":{"start":{"line":18,"column":2},"end":{"line":18,"column":null}},"7":{"start":{"line":22,"column":2},"end":{"line":22,"column":null}},"8":{"start":{"line":26,"column":2},"end":{"line":26,"column":null}},"9":{"start":{"line":4,"column":13},"end":{"line":27,"column":null}}},"fnMap":{},"branchMap":{},"s":{"0":2,"1":2,"2":2,"3":2,"4":2,"5":2,"6":2,"7":2,"8":2,"9":2},"f":{},"b":{}}
}
