TN:
SF:src/app.controller.ts
FN:6,(anonymous_2)
FN:9,(anonymous_3)
FNF:2
FNH:2
FNDA:1,(anonymous_2)
FNDA:1,(anonymous_3)
DA:1,1
DA:2,1
DA:5,1
DA:6,1
DA:9,1
DA:10,1
LF:6
LH:6
BRDA:6,0,0,1
BRDA:6,0,1,0
BRDA:6,1,0,1
BRDA:6,1,1,1
BRF:4
BRH:3
end_of_record
TN:
SF:src/app.module.ts
FNF:0
FNH:0
DA:1,0
DA:2,0
DA:3,0
DA:4,0
DA:5,0
DA:6,0
DA:27,0
LF:7
LH:0
BRF:0
BRH:0
end_of_record
TN:
SF:src/app.service.ts
FN:5,(anonymous_1)
FNF:1
FNH:1
FNDA:1,(anonymous_1)
DA:1,1
DA:4,1
DA:6,1
LF:3
LH:3
BRF:0
BRH:0
end_of_record
TN:
SF:src/main.ts
FN:5,bootstrap
FNF:1
FNH:0
FNDA:0,bootstrap
DA:1,0
DA:2,0
DA:3,0
DA:6,0
DA:9,0
DA:12,0
DA:19,0
DA:22,0
DA:24,0
DA:26,0
LF:10
LH:0
BRF:0
BRH:0
end_of_record
TN:
SF:src/auth/auth.controller.ts
FN:6,(anonymous_4)
FN:10,(anonymous_5)
FNF:2
FNH:1
FNDA:1,(anonymous_4)
FNDA:0,(anonymous_5)
DA:1,2
DA:2,2
DA:5,2
DA:6,1
DA:10,2
DA:11,0
LF:6
LH:5
BRDA:10,0,0,0
BRDA:10,0,1,2
BRDA:10,1,0,2
BRDA:10,1,1,0
BRDA:6,2,0,2
BRDA:6,2,1,0
BRDA:6,3,0,2
BRDA:6,3,1,2
BRF:8
BRH:5
end_of_record
TN:
SF:src/auth/auth.guard.ts
FN:8,(anonymous_2)
FN:10,(anonymous_3)
FN:30,(anonymous_4)
FNF:3
FNH:1
FNDA:1,(anonymous_2)
FNDA:0,(anonymous_3)
FNDA:0,(anonymous_4)
DA:1,1
DA:2,1
DA:4,1
DA:7,1
DA:8,1
DA:11,0
DA:12,0
DA:14,0
DA:15,0
DA:18,0
DA:20,0
DA:23,0
DA:25,0
DA:27,0
DA:31,0
DA:32,0
LF:16
LH:5
BRDA:14,0,0,0
BRDA:14,0,1,0
BRDA:31,1,0,0
BRDA:31,1,1,0
BRDA:32,2,0,0
BRDA:32,2,1,0
BRDA:8,3,0,1
BRDA:8,3,1,0
BRDA:8,4,0,1
BRDA:8,4,1,1
BRF:10
BRH:3
end_of_record
TN:
SF:src/auth/auth.module.ts
FNF:0
FNH:0
DA:1,1
DA:2,1
DA:3,1
DA:4,1
DA:7,1
DA:22,1
LF:6
LH:6
BRF:0
BRH:0
end_of_record
TN:
SF:src/auth/auth.service.ts
FN:6,(anonymous_2)
FN:8,(anonymous_3)
FNF:2
FNH:1
FNDA:1,(anonymous_2)
FNDA:0,(anonymous_3)
DA:1,3
DA:2,3
DA:5,3
DA:6,1
DA:10,0
DA:11,0
DA:15,0
DA:16,0
LF:8
LH:4
BRDA:10,0,0,0
BRDA:10,0,1,0
BRDA:10,1,0,0
BRDA:10,1,1,0
BRDA:6,2,0,3
BRDA:6,2,1,0
BRDA:6,3,0,3
BRDA:6,3,1,3
BRF:8
BRH:3
end_of_record
TN:
SF:src/personagens/personagens.controller.ts
FN:9,(anonymous_4)
FN:13,(anonymous_5)
FN:19,(anonymous_6)
FN:24,(anonymous_7)
FN:30,(anonymous_8)
FN:36,(anonymous_9)
FNF:6
FNH:1
FNDA:1,(anonymous_4)
FNDA:0,(anonymous_5)
FNDA:0,(anonymous_6)
FNDA:0,(anonymous_7)
FNDA:0,(anonymous_8)
FNDA:0,(anonymous_9)
DA:1,1
DA:2,1
DA:3,1
DA:4,1
DA:5,1
DA:8,1
DA:9,1
DA:13,1
DA:14,0
DA:19,1
DA:20,0
DA:24,1
DA:25,0
DA:30,1
DA:31,0
DA:36,1
DA:37,0
LF:17
LH:12
BRDA:13,0,0,1
BRDA:13,0,1,0
BRDA:13,1,0,1
BRDA:13,1,1,1
BRDA:30,2,0,1
BRDA:30,2,1,0
BRDA:30,3,0,1
BRDA:30,3,1,1
BRDA:9,4,0,1
BRDA:9,4,1,0
BRDA:9,5,0,1
BRDA:9,5,1,1
BRF:12
BRH:9
end_of_record
TN:
SF:src/personagens/personagens.module.ts
FNF:0
FNH:0
DA:1,0
DA:2,0
DA:3,0
DA:4,0
DA:5,0
DA:12,0
LF:6
LH:0
BRF:0
BRH:0
end_of_record
TN:
SF:src/personagens/personagens.service.ts
FN:10,(anonymous_4)
FN:16,(anonymous_5)
FN:22,(anonymous_6)
FN:32,(anonymous_7)
FN:37,(anonymous_8)
FN:43,(anonymous_9)
FNF:6
FNH:2
FNDA:2,(anonymous_4)
FNDA:0,(anonymous_5)
FNDA:1,(anonymous_6)
FNDA:0,(anonymous_7)
FNDA:0,(anonymous_8)
FNDA:0,(anonymous_9)
DA:1,2
DA:2,2
DA:3,2
DA:6,2
DA:9,2
DA:12,2
DA:17,0
DA:18,0
DA:24,1
DA:33,0
DA:38,0
DA:39,0
DA:44,0
DA:45,0
LF:14
LH:7
BRDA:12,0,0,2
BRDA:12,0,1,0
BRDA:12,1,0,2
BRDA:12,1,1,2
BRF:4
BRH:3
end_of_record
TN:
SF:src/personagens/dto/create-personagem.dto.ts
FNF:0
FNH:0
DA:1,1
LF:1
LH:1
BRF:0
BRH:0
end_of_record
TN:
SF:src/personagens/dto/update-personagem.dto.ts
FNF:0
FNH:0
DA:1,1
DA:2,1
DA:4,1
LF:3
LH:3
BRF:0
BRH:0
end_of_record
TN:
SF:src/personagens/entities/personagem.entity.ts
FNF:0
FNH:0
DA:1,2
DA:4,2
DA:6,2
DA:10,2
DA:14,2
DA:18,2
DA:22,2
DA:26,2
LF:8
LH:8
BRF:0
BRH:0
end_of_record
